#! /usr/share/iverilog-0.9.7/bin/vvp
:ivl_version "0.9.7 " "(v0_9_6)";
:vpi_time_precision - 12;
:vpi_module "system";
:vpi_module "v2005_math";
:vpi_module "va_math";
S_0x1f625e0 .scope module, "new_test" "new_test" 2 3;
 .timescale -8 -12;
v0x1f840f0_0 .var "clk", 0 0;
v0x1f842a0_0 .var "cycle_timeout", 0 0;
v0x1f84320_0 .var "detergent_added", 0 0;
v0x1f843a0_0 .net "done", 0 0, v0x1f837d0_0; 1 drivers
v0x1f84420_0 .var "door_close", 0 0;
v0x1f844d0_0 .net "door_lock", 0 0, v0x1f83950_0; 1 drivers
v0x1f84590_0 .net "drain_value_on", 0 0, v0x1f839f0_0; 1 drivers
v0x1f84640_0 .var "drained", 0 0;
v0x1f84740_0 .net "fill_value_on", 0 0, v0x1f83b80_0; 1 drivers
v0x1f847f0_0 .var "filled", 0 0;
v0x1f84900_0 .net "motor_on", 0 0, v0x1f83d20_0; 1 drivers
v0x1f849b0_0 .var "reset", 0 0;
v0x1f84ad0_0 .net "soap_wash", 0 0, v0x1f83ff0_0; 1 drivers
v0x1f84b80_0 .var "spin_timeout", 0 0;
v0x1f84c80_0 .var "start", 0 0;
v0x1f84d30_0 .net "water_wash", 0 0, v0x1f84180_0; 1 drivers
S_0x1f626d0 .scope module, "machine1" "automatic_washing_machine" 2 8, 3 1, S_0x1f625e0;
 .timescale 0 0;
P_0x1f4d8a8 .param/l "add_detergent" 3 9, C4<010>;
P_0x1f4d8d0 .param/l "check_door" 3 7, C4<000>;
P_0x1f4d8f8 .param/l "cycle" 3 10, C4<011>;
P_0x1f4d920 .param/l "drain_water" 3 11, C4<100>;
P_0x1f4d948 .param/l "fill_water" 3 8, C4<001>;
P_0x1f4d970 .param/l "spin" 3 12, C4<101>;
v0x1f4d9a0_0 .net "clk", 0 0, v0x1f840f0_0; 1 drivers
v0x1f835e0_0 .var "current_state", 2 0;
v0x1f83680_0 .net "cycle_timeout", 0 0, v0x1f842a0_0; 1 drivers
v0x1f83720_0 .net "detergent_added", 0 0, v0x1f84320_0; 1 drivers
v0x1f837d0_0 .var "done", 0 0;
v0x1f83870_0 .net "door_close", 0 0, v0x1f84420_0; 1 drivers
v0x1f83950_0 .var "door_lock", 0 0;
v0x1f839f0_0 .var "drain_value_on", 0 0;
v0x1f83ae0_0 .net "drained", 0 0, v0x1f84640_0; 1 drivers
v0x1f83b80_0 .var "fill_value_on", 0 0;
v0x1f83c80_0 .net "filled", 0 0, v0x1f847f0_0; 1 drivers
v0x1f83d20_0 .var "motor_on", 0 0;
v0x1f83e30_0 .var "next_state", 2 0;
v0x1f83ed0_0 .net "reset", 0 0, v0x1f849b0_0; 1 drivers
v0x1f83ff0_0 .var "soap_wash", 0 0;
v0x1f84070_0 .net "spin_timeout", 0 0, v0x1f84b80_0; 1 drivers
v0x1f83f50_0 .net "start", 0 0, v0x1f84c80_0; 1 drivers
v0x1f84180_0 .var "water_wash", 0 0;
E_0x1f4c820/0 .event negedge, v0x1f83ed0_0;
E_0x1f4c820/1 .event posedge, v0x1f4d9a0_0;
E_0x1f4c820 .event/or E_0x1f4c820/0, E_0x1f4c820/1;
E_0x1f4ce20/0 .event edge, v0x1f84070_0, v0x1f83680_0, v0x1f83ae0_0, v0x1f83720_0;
E_0x1f4ce20/1 .event edge, v0x1f83c80_0, v0x1f83870_0, v0x1f83f50_0, v0x1f835e0_0;
E_0x1f4ce20 .event/or E_0x1f4ce20/0, E_0x1f4ce20/1;
    .scope S_0x1f626d0;
T_0 ;
    %wait E_0x1f4ce20;
    %load/v 8, v0x1f835e0_0, 3;
    %cmpi/u 8, 0, 3;
    %jmp/1 T_0.0, 6;
    %cmpi/u 8, 1, 3;
    %jmp/1 T_0.1, 6;
    %cmpi/u 8, 2, 3;
    %jmp/1 T_0.2, 6;
    %cmpi/u 8, 3, 3;
    %jmp/1 T_0.3, 6;
    %cmpi/u 8, 4, 3;
    %jmp/1 T_0.4, 6;
    %cmpi/u 8, 5, 3;
    %jmp/1 T_0.5, 6;
    %set/v v0x1f83e30_0, 0, 3;
    %jmp T_0.7;
T_0.0 ;
    %load/v 8, v0x1f83f50_0, 1;
    %mov 9, 0, 2;
    %cmpi/u 8, 1, 3;
    %mov 8, 4, 1;
    %load/v 9, v0x1f83870_0, 1;
    %mov 10, 0, 2;
    %cmpi/u 9, 1, 3;
    %mov 9, 4, 1;
    %and 8, 9, 1;
    %jmp/0xz  T_0.8, 8;
    %movi 8, 1, 3;
    %set/v v0x1f83e30_0, 8, 3;
    %set/v v0x1f83d20_0, 0, 1;
    %set/v v0x1f83b80_0, 0, 1;
    %set/v v0x1f839f0_0, 0, 1;
    %set/v v0x1f83950_0, 1, 1;
    %set/v v0x1f83ff0_0, 0, 1;
    %set/v v0x1f84180_0, 0, 1;
    %set/v v0x1f837d0_0, 0, 1;
    %jmp T_0.9;
T_0.8 ;
    %load/v 8, v0x1f835e0_0, 3;
    %set/v v0x1f83e30_0, 8, 3;
    %set/v v0x1f83d20_0, 0, 1;
    %set/v v0x1f83b80_0, 0, 1;
    %set/v v0x1f839f0_0, 0, 1;
    %set/v v0x1f83950_0, 0, 1;
    %set/v v0x1f83ff0_0, 0, 1;
    %set/v v0x1f84180_0, 0, 1;
    %set/v v0x1f837d0_0, 0, 1;
T_0.9 ;
    %jmp T_0.7;
T_0.1 ;
    %load/v 8, v0x1f83c80_0, 1;
    %mov 9, 0, 2;
    %cmpi/u 8, 1, 3;
    %jmp/0xz  T_0.10, 4;
    %load/v 8, v0x1f83ff0_0, 1;
    %mov 9, 0, 1;
    %cmpi/u 8, 0, 2;
    %jmp/0xz  T_0.12, 4;
    %movi 8, 2, 3;
    %set/v v0x1f83e30_0, 8, 3;
    %set/v v0x1f83d20_0, 0, 1;
    %set/v v0x1f83b80_0, 0, 1;
    %set/v v0x1f839f0_0, 0, 1;
    %set/v v0x1f83950_0, 1, 1;
    %set/v v0x1f83ff0_0, 1, 1;
    %set/v v0x1f84180_0, 0, 1;
    %set/v v0x1f837d0_0, 0, 1;
    %jmp T_0.13;
T_0.12 ;
    %movi 8, 3, 3;
    %set/v v0x1f83e30_0, 8, 3;
    %set/v v0x1f83d20_0, 0, 1;
    %set/v v0x1f83b80_0, 0, 1;
    %set/v v0x1f839f0_0, 0, 1;
    %set/v v0x1f83950_0, 1, 1;
    %set/v v0x1f83ff0_0, 1, 1;
    %set/v v0x1f84180_0, 1, 1;
    %set/v v0x1f837d0_0, 0, 1;
T_0.13 ;
    %jmp T_0.11;
T_0.10 ;
    %load/v 8, v0x1f835e0_0, 3;
    %set/v v0x1f83e30_0, 8, 3;
    %set/v v0x1f83d20_0, 0, 1;
    %set/v v0x1f83b80_0, 1, 1;
    %set/v v0x1f839f0_0, 0, 1;
    %set/v v0x1f83950_0, 1, 1;
    %set/v v0x1f837d0_0, 0, 1;
T_0.11 ;
    %jmp T_0.7;
T_0.2 ;
    %load/v 8, v0x1f83720_0, 1;
    %mov 9, 0, 2;
    %cmpi/u 8, 1, 3;
    %jmp/0xz  T_0.14, 4;
    %movi 8, 3, 3;
    %set/v v0x1f83e30_0, 8, 3;
    %set/v v0x1f83d20_0, 0, 1;
    %set/v v0x1f83b80_0, 0, 1;
    %set/v v0x1f839f0_0, 0, 1;
    %set/v v0x1f83950_0, 1, 1;
    %set/v v0x1f83ff0_0, 1, 1;
    %set/v v0x1f837d0_0, 0, 1;
    %jmp T_0.15;
T_0.14 ;
    %load/v 8, v0x1f835e0_0, 3;
    %set/v v0x1f83e30_0, 8, 3;
    %set/v v0x1f83d20_0, 0, 1;
    %set/v v0x1f83b80_0, 0, 1;
    %set/v v0x1f839f0_0, 0, 1;
    %set/v v0x1f83950_0, 1, 1;
    %set/v v0x1f83ff0_0, 1, 1;
    %set/v v0x1f84180_0, 0, 1;
    %set/v v0x1f837d0_0, 0, 1;
T_0.15 ;
    %jmp T_0.7;
T_0.3 ;
    %load/v 8, v0x1f83680_0, 1;
    %mov 9, 0, 2;
    %cmpi/u 8, 1, 3;
    %jmp/0xz  T_0.16, 4;
    %movi 8, 4, 3;
    %set/v v0x1f83e30_0, 8, 3;
    %set/v v0x1f83d20_0, 0, 1;
    %set/v v0x1f83b80_0, 0, 1;
    %set/v v0x1f839f0_0, 0, 1;
    %set/v v0x1f83950_0, 1, 1;
    %set/v v0x1f837d0_0, 0, 1;
    %jmp T_0.17;
T_0.16 ;
    %load/v 8, v0x1f835e0_0, 3;
    %set/v v0x1f83e30_0, 8, 3;
    %set/v v0x1f83d20_0, 1, 1;
    %set/v v0x1f83b80_0, 0, 1;
    %set/v v0x1f839f0_0, 0, 1;
    %set/v v0x1f83950_0, 1, 1;
    %set/v v0x1f837d0_0, 0, 1;
T_0.17 ;
    %jmp T_0.7;
T_0.4 ;
    %load/v 8, v0x1f83ae0_0, 1;
    %mov 9, 0, 2;
    %cmpi/u 8, 1, 3;
    %jmp/0xz  T_0.18, 4;
    %load/v 8, v0x1f84180_0, 1;
    %mov 9, 0, 1;
    %cmpi/u 8, 0, 2;
    %jmp/0xz  T_0.20, 4;
    %movi 8, 1, 3;
    %set/v v0x1f83e30_0, 8, 3;
    %set/v v0x1f83d20_0, 0, 1;
    %set/v v0x1f83b80_0, 0, 1;
    %set/v v0x1f839f0_0, 0, 1;
    %set/v v0x1f83950_0, 1, 1;
    %set/v v0x1f83ff0_0, 1, 1;
    %set/v v0x1f837d0_0, 0, 1;
    %jmp T_0.21;
T_0.20 ;
    %movi 8, 5, 3;
    %set/v v0x1f83e30_0, 8, 3;
    %set/v v0x1f83d20_0, 0, 1;
    %set/v v0x1f83b80_0, 0, 1;
    %set/v v0x1f839f0_0, 0, 1;
    %set/v v0x1f83950_0, 1, 1;
    %set/v v0x1f83ff0_0, 1, 1;
    %set/v v0x1f84180_0, 1, 1;
    %set/v v0x1f837d0_0, 0, 1;
T_0.21 ;
    %jmp T_0.19;
T_0.18 ;
    %load/v 8, v0x1f835e0_0, 3;
    %set/v v0x1f83e30_0, 8, 3;
    %set/v v0x1f83d20_0, 0, 1;
    %set/v v0x1f83b80_0, 0, 1;
    %set/v v0x1f839f0_0, 1, 1;
    %set/v v0x1f83950_0, 1, 1;
    %set/v v0x1f83ff0_0, 1, 1;
    %set/v v0x1f837d0_0, 0, 1;
T_0.19 ;
    %jmp T_0.7;
T_0.5 ;
    %load/v 8, v0x1f84070_0, 1;
    %mov 9, 0, 2;
    %cmpi/u 8, 1, 3;
    %jmp/0xz  T_0.22, 4;
    %load/v 8, v0x1f83870_0, 1;
    %mov 9, 0, 2;
    %set/v v0x1f83e30_0, 8, 3;
    %set/v v0x1f83d20_0, 0, 1;
    %set/v v0x1f83b80_0, 0, 1;
    %set/v v0x1f839f0_0, 0, 1;
    %set/v v0x1f83950_0, 1, 1;
    %set/v v0x1f83ff0_0, 1, 1;
    %set/v v0x1f84180_0, 1, 1;
    %set/v v0x1f837d0_0, 1, 1;
    %jmp T_0.23;
T_0.22 ;
    %load/v 8, v0x1f835e0_0, 3;
    %set/v v0x1f83e30_0, 8, 3;
    %set/v v0x1f83d20_0, 0, 1;
    %set/v v0x1f83b80_0, 0, 1;
    %set/v v0x1f839f0_0, 1, 1;
    %set/v v0x1f83950_0, 1, 1;
    %set/v v0x1f83ff0_0, 1, 1;
    %set/v v0x1f84180_0, 1, 1;
    %set/v v0x1f837d0_0, 0, 1;
T_0.23 ;
    %jmp T_0.7;
T_0.7 ;
    %jmp T_0;
    .thread T_0, $push;
    .scope S_0x1f626d0;
T_1 ;
    %wait E_0x1f4c820;
    %load/v 8, v0x1f83ed0_0, 1;
    %jmp/0xz  T_1.0, 8;
    %ix/load 0, 3, 0;
    %assign/v0 v0x1f835e0_0, 0, 0;
    %jmp T_1.1;
T_1.0 ;
    %load/v 8, v0x1f83e30_0, 3;
    %ix/load 0, 3, 0;
    %assign/v0 v0x1f835e0_0, 0, 8;
T_1.1 ;
    %jmp T_1;
    .thread T_1;
    .scope S_0x1f625e0;
T_2 ;
    %set/v v0x1f840f0_0, 0, 1;
    %set/v v0x1f849b0_0, 1, 1;
    %set/v v0x1f84c80_0, 0, 1;
    %set/v v0x1f84420_0, 0, 1;
    %set/v v0x1f847f0_0, 0, 1;
    %set/v v0x1f84640_0, 0, 1;
    %set/v v0x1f84320_0, 0, 1;
    %set/v v0x1f842a0_0, 0, 1;
    %set/v v0x1f84b80_0, 0, 1;
    %delay 50000, 0;
    %set/v v0x1f849b0_0, 0, 1;
    %delay 50000, 0;
    %set/v v0x1f84c80_0, 1, 1;
    %set/v v0x1f84420_0, 1, 1;
    %delay 100000, 0;
    %set/v v0x1f847f0_0, 1, 1;
    %delay 100000, 0;
    %set/v v0x1f84320_0, 1, 1;
    %delay 100000, 0;
    %set/v v0x1f842a0_0, 1, 1;
    %delay 100000, 0;
    %set/v v0x1f84640_0, 1, 1;
    %delay 100000, 0;
    %set/v v0x1f84b80_0, 1, 1;
    %end;
    .thread T_2;
    .scope S_0x1f625e0;
T_3 ;
    %delay 50000, 0;
    %load/v 8, v0x1f840f0_0, 1;
    %inv 8, 1;
    %set/v v0x1f840f0_0, 8, 1;
    %jmp T_3;
    .thread T_3;
    .scope S_0x1f625e0;
T_4 ;
    %vpi_call 2 58 "$monitor", "Time=%d, Clock=%b, Reset=%b, start=%b, door_close=%b, filled=%b, detergent_added=%b, cycle_timeout=%b, drained=%b, spin_timeout=%b, door_lock=%b, motor_on=%b, fill_valve_on=%b, drain_valve_on=%b, soap_wash=%b, water_wash=%b, done=%b", $time, v0x1f840f0_0, v0x1f849b0_0, v0x1f84c80_0, v0x1f84420_0, v0x1f847f0_0, v0x1f84320_0, v0x1f842a0_0, v0x1f84640_0, v0x1f84b80_0, v0x1f844d0_0, v0x1f84900_0, v0x1f84740_0, v0x1f84590_0, v0x1f84ad0_0, v0x1f84d30_0, v0x1f843a0_0;
    %end;
    .thread T_4;
    .scope S_0x1f625e0;
T_5 ;
    %vpi_call 2 62 "$dumpfile", "awm.vcd";
    %vpi_call 2 63 "$dumpvars", 1'sb0, S_0x1f625e0;
    %delay 500000, 0;
    %vpi_call 2 64 "$finish";
    %end;
    .thread T_5;
# The file index is used to find the file name in the following table.
:file_names 4;
    "N/A";
    "<interactive>";
    "testbench.sv";
    "design.sv";
